1635316789925	geckodriver	INFO	Listening on 127.0.0.1:50767
1635316793044	mozrunner::runner	INFO	Running command: "C:\\Program Files\\Mozilla Firefox\\firefox.exe" "--marionette" "-foreground" "-no-remote" "-profile" "C:\\Users\\ggrek\\AppData\\Local\\Temp\\rust_mozprofiledoJzK2"
1635316793926	Marionette	INFO	Marionette enabled
console.warn: SearchSettings: "get: No settings file exists, new profile?" (new NotFoundError("Could not open the file at C:\\Users\\ggrek\\AppData\\Local\\Temp\\rust_mozprofiledoJzK2\\search.json.mozlz4", (void 0)))
1635316798338	Marionette	INFO	Listening on port 50775
1635316798437	RemoteAgent	WARN	TLS certificate errors will be ignored for this session
JavaScript warning: https://code.jquery.com/jquery-1.10.2.min.js, line 2: Using //@ to indicate sourceMappingURL pragmas is deprecated. Use //# instead
JavaScript error: https://pagead2.googlesyndication.com/pagead/js/adsbygoogle.js, line 228: uncaught exception: TagError: adsbygoogle.push() error: No slot size for availableWidth=82
JavaScript warning: https://pagead2.googlesyndication.com/bg/RoWIF5mDLIotv0Cy6dtZXjafFgIOcjS1qvYEJExYR_Y.js line 1 > eval line 3986 > eval, line 1: WEBGL_debug_renderer_info is deprecated in Firefox and will be removed. Please use RENDERER.
JavaScript warning: https://code.jquery.com/jquery-1.10.2.min.js, line 2: Using //@ to indicate sourceMappingURL pragmas is deprecated. Use //# instead
JavaScript error: https://www.seleniumeasy.com/sites/default/files/js/js_1pwJufKjiQsl5tLfRR9NEVuVtIW5DVu-beBr8FbgvmM.js, line 10: TypeError: $(...).get(...) is undefined
JavaScript warning: https://pagead2.googlesyndication.com/bg/RoWIF5mDLIotv0Cy6dtZXjafFgIOcjS1qvYEJExYR_Y.js line 1 > eval line 7326 > eval, line 1: WEBGL_debug_renderer_info is deprecated in Firefox and will be removed. Please use RENDERER.
JavaScript error: https://www.seleniumeasy.com/sites/default/files/js/js_1pwJufKjiQsl5tLfRR9NEVuVtIW5DVu-beBr8FbgvmM.js, line 10: TypeError: $(...).get(...) is undefined
JavaScript error: https://www.seleniumeasy.com/sites/default/files/js/js_1pwJufKjiQsl5tLfRR9NEVuVtIW5DVu-beBr8FbgvmM.js, line 10: TypeError: $(...).get(...) is undefined
JavaScript error: https://www.seleniumeasy.com/sites/default/files/js/js_1pwJufKjiQsl5tLfRR9NEVuVtIW5DVu-beBr8FbgvmM.js, line 10: TypeError: $(...).get(...) is undefined
JavaScript error: https://www.seleniumeasy.com/sites/default/files/js/js_1pwJufKjiQsl5tLfRR9NEVuVtIW5DVu-beBr8FbgvmM.js, line 10: TypeError: $(...).get(...) is undefined
JavaScript error: https://www.seleniumeasy.com/sites/default/files/js/js_1pwJufKjiQsl5tLfRR9NEVuVtIW5DVu-beBr8FbgvmM.js, line 10: TypeError: $(...).get(...) is undefined
JavaScript error: https://www.seleniumeasy.com/sites/default/files/js/js_1pwJufKjiQsl5tLfRR9NEVuVtIW5DVu-beBr8FbgvmM.js, line 10: TypeError: $(...).get(...) is undefined
JavaScript error: https://www.seleniumeasy.com/sites/default/files/js/js_1pwJufKjiQsl5tLfRR9NEVuVtIW5DVu-beBr8FbgvmM.js, line 10: TypeError: $(...).get(...) is undefined
JavaScript error: https://www.seleniumeasy.com/sites/default/files/js/js_1pwJufKjiQsl5tLfRR9NEVuVtIW5DVu-beBr8FbgvmM.js, line 10: TypeError: $(...).get(...) is undefined
JavaScript error: https://www.seleniumeasy.com/sites/default/files/js/js_1pwJufKjiQsl5tLfRR9NEVuVtIW5DVu-beBr8FbgvmM.js, line 10: TypeError: $(...).get(...) is undefined
JavaScript error: https://www.seleniumeasy.com/sites/default/files/js/js_1pwJufKjiQsl5tLfRR9NEVuVtIW5DVu-beBr8FbgvmM.js, line 10: TypeError: $(...).get(...) is undefined
JavaScript error: https://www.seleniumeasy.com/sites/default/files/js/js_1pwJufKjiQsl5tLfRR9NEVuVtIW5DVu-beBr8FbgvmM.js, line 10: TypeError: $(...).get(...) is undefined
JavaScript error: https://www.seleniumeasy.com/sites/default/files/js/js_1pwJufKjiQsl5tLfRR9NEVuVtIW5DVu-beBr8FbgvmM.js, line 10: TypeError: $(...).get(...) is undefined
JavaScript error: https://www.seleniumeasy.com/sites/default/files/js/js_1pwJufKjiQsl5tLfRR9NEVuVtIW5DVu-beBr8FbgvmM.js, line 10: TypeError: $(...).get(...) is undefined
JavaScript error: https://www.seleniumeasy.com/sites/default/files/js/js_1pwJufKjiQsl5tLfRR9NEVuVtIW5DVu-beBr8FbgvmM.js, line 10: TypeError: $(...).get(...) is undefined
JavaScript error: https://www.seleniumeasy.com/sites/default/files/js/js_1pwJufKjiQsl5tLfRR9NEVuVtIW5DVu-beBr8FbgvmM.js, line 10: TypeError: $(...).get(...) is undefined
JavaScript error: https://www.seleniumeasy.com/sites/default/files/js/js_1pwJufKjiQsl5tLfRR9NEVuVtIW5DVu-beBr8FbgvmM.js, line 10: TypeError: $(...).get(...) is undefined
JavaScript error: https://www.seleniumeasy.com/sites/default/files/js/js_1pwJufKjiQsl5tLfRR9NEVuVtIW5DVu-beBr8FbgvmM.js, line 10: TypeError: $(...).get(...) is undefined
JavaScript error: https://www.seleniumeasy.com/sites/default/files/js/js_1pwJufKjiQsl5tLfRR9NEVuVtIW5DVu-beBr8FbgvmM.js, line 10: TypeError: $(...).get(...) is undefined
JavaScript error: https://www.seleniumeasy.com/sites/default/files/js/js_1pwJufKjiQsl5tLfRR9NEVuVtIW5DVu-beBr8FbgvmM.js, line 10: TypeError: $(...).get(...) is undefined
JavaScript warning: https://code.jquery.com/jquery-1.10.2.min.js, line 2: Using //@ to indicate sourceMappingURL pragmas is deprecated. Use //# instead
JavaScript error: https://pagead2.googlesyndication.com/pagead/js/adsbygoogle.js, line 228: uncaught exception: TagError: adsbygoogle.push() error: No slot size for availableWidth=82
JavaScript warning: https://pagead2.googlesyndication.com/bg/RoWIF5mDLIotv0Cy6dtZXjafFgIOcjS1qvYEJExYR_Y.js line 1 > eval line 7802 > eval, line 1: WEBGL_debug_renderer_info is deprecated in Firefox and will be removed. Please use RENDERER.
console.log: WebExtensions: reset-default-search: starting.
console.log: WebExtensions: reset-default-search: No addons in our list are installed.
1635317917353	Marionette	INFO	Stopped listening on port 50775
JavaScript error: resource:///modules/Interactions.jsm, line 201: NS_ERROR_FAILURE: Component returned failure code: 0x80004005 (NS_ERROR_FAILURE) [nsIUserIdleService.removeIdleObserver]
console.warn: TopSitesFeed: Failed to fetch data from Contile server: NetworkError when attempting to fetch resource.
JavaScript error: chrome://remote/content/marionette/cert.js, line 55: NS_ERROR_NOT_AVAILABLE: Component returned failure code: 0x80040111 (NS_ERROR_NOT_AVAILABLE) [nsICertOverrideService.setDisableAllSecurityChecksAndLetAttackersInterceptMyData]
[Parent 15780, IPC I/O Parent] WARNING: file /builds/worker/checkouts/gecko/ipc/chromium/src/base/process_util_win.cc:167
urce://devtools/shared/event-emitter.js:324:18
getMutations@resource://devtools/client/fronts/walker.js:358:10

console.error: (new TypeError("parent is null", "resource://devtools/client/inspector/shared/style-change-tracker.js", 67))
TypeError: parent is null: canMutationImpactCurrentStyles@resource://devtools/client/inspector/shared/style-change-tracker.js:67:24
onMutations@resource://devtools/client/inspector/shared/style-change-tracker.js:84:41
_emit@resource://devtools/shared/event-emitter.js:226:34
emit@resource://devtools/shared/event-emitter.js:172:18
emit@resource://devtools/shared/event-emitter.js:324:18
getMutations@resource://devtools/client/fronts/walker.js:358:10

console.error: (new TypeError("parent is null", "resource://devtools/client/inspector/shared/style-change-tracker.js", 67))
TypeError: parent is null: canMutationImpactCurrentStyles@resource://devtools/client/inspector/shared/style-change-tracker.js:67:24
onMutations@resource://devtools/client/inspector/shared/style-change-tracker.js:84:41
_emit@resource://devtools/shared/event-emitter.js:226:34
emit@resource://devtools/shared/event-emitter.js:172:18
emit@resource://devtools/shared/event-emitter.js:324:18
getMutations@resource://devtools/client/fronts/walker.js:358:10

console.error: (new TypeError("parent is null", "resource://devtools/client/inspector/shared/style-change-tracker.js", 67))
TypeError: parent is null: canMutationImpactCurrentStyles@resource://devtools/client/inspector/shared/style-change-tracker.js:67:24
onMutations@resource://devtools/client/inspector/shared/style-change-tracker.js:84:41
_emit@resource://devtools/shared/event-emitter.js:226:34
emit@resource://devtools/shared/event-emitter.js:172:18
emit@resource://devtools/shared/event-emitter.js:324:18
getMutations@resource://devtools/client/fronts/walker.js:358:10

console.error: (new TypeError("parent is null", "resource://devtools/client/inspector/shared/style-change-tracker.js", 67))
TypeError: parent is null: canMutationImpactCurrentStyles@resource://devtools/client/inspector/shared/style-change-tracker.js:67:24
onMutations@resource://devtools/client/inspector/shared/style-change-tracker.js:84:41
_emit@resource://devtools/shared/event-emitter.js:226:34
emit@resource://devtools/shared/event-emitter.js:172:18
emit@resource://devtools/shared/event-emitter.js:324:18
getMutations@resource://devtools/client/fronts/walker.js:358:10

console.error: (new TypeError("parent is null", "resource://devtools/client/inspector/shared/style-change-tracker.js", 67))
TypeError: parent is null: canMutationImpactCurrentStyles@resource://devtools/client/inspector/shared/style-change-tracker.js:67:24
onMutations@resource://devtools/client/inspector/shared/style-change-tracker.js:84:41
_emit@resource://devtools/shared/event-emitter.js:226:34
emit@resource://devtools/shared/event-emitter.js:172:18
emit@resource://devtools/shared/event-emitter.js:324:18
getMutations@resource://devtools/client/fronts/walker.js:358:10

console.error: (new TypeError("parent is null", "resource://devtools/client/inspector/shared/style-change-tracker.js", 67))
TypeError: parent is null: canMutationImpactCurrentStyles@resource://devtools/client/inspector/shared/style-change-tracker.js:67:24
onMutations@resource://devtools/client/inspector/shared/style-change-tracker.js:84:41
_emit@resource://devtools/shared/event-emitter.js:226:34
emit@resource://devtools/shared/event-emitter.js:172:18
emit@resource://devtools/shared/event-emitter.js:324:18
getMutations@resource://devtools/client/fronts/walker.js:358:10

console.error: (new TypeError("parent is null", "resource://devtools/client/inspector/shared/style-change-tracker.js", 67))
TypeError: parent is null: canMutationImpactCurrentStyles@resource://devtools/client/inspector/shared/style-change-tracker.js:67:24
onMutations@resource://devtools/client/inspector/shared/style-change-tracker.js:84:41
_emit@resource://devtools/shared/event-emitter.js:226:34
emit@resource://devtools/shared/event-emitter.js:172:18
emit@resource://devtools/shared/event-emitter.js:324:18
getMutations@resource://devtools/client/fronts/walker.js:358:10

JavaScript error: resource://devtools/shared/protocol/Front.js, line 99: Error: Connection closed, pending request to server0.conn0.child3/domnode199, type setNodeValue failed

Request stack:
request@resource://devtools/shared/protocol/Front.js:288:14
generateRequestMethods/</frontProto[name]@resource://devtools/shared/protocol/Front/FrontClassWithSpec.js:46:19
showTextEditor/done/</<@resource://devtools/client/inspector/markup/views/text-editor.js:101:25
do@resource://devtools/client/shared/undo.js:70:16
endBatch@resource://devtools/client/shared/undo.js:81:11
do@resource://devtools/client/shared/undo.js:93:10
showTextEditor/done/<@resource://devtools/client/inspector/markup/views/text-editor.js:99:31
process@resource://gre/modules/Promise-backend.js:961:38
walkerLoop@resource://gre/modules/Promise-backend.js:845:29
Promise*scheduleWalkerLoop@resource://gre/modules/Promise-backend.js:775:19
schedulePromise@resource://gre/modules/Promise-backend.js:809:12
completePromise@resource://gre/modules/Promise-backend.js:741:12

1618910977379	Marionette	INFO	Stopped listening on port 53278

###!!! [Child][RunMessage] Error: Channel closing: too late to send/recv, messages will be lost

